<?xml version="1.0" encoding="UTF-8"?>
<testsuite name="com.paser.ImageDownloaderTest" tests="3" skipped="0" failures="0" errors="0" timestamp="2016-05-27T14:47:07" hostname="Stephens-MacBook-Pro-3.local" time="2.359">
  <properties/>
  <testcase name="parseFileName" classname="com.paser.ImageDownloaderTest" time="0.01"/>
  <testcase name="downloadImages" classname="com.paser.ImageDownloaderTest" time="2.066"/>
  <testcase name="getImgUrlsFromSite" classname="com.paser.ImageDownloaderTest" time="0.282"/>
  <system-out><![CDATA[]]></system-out>
  <system-err><![CDATA[Site Didn't have any images
]]></system-err>
</testsuite>
